

Version:	3.50
CmdLine:	C:\Users\User\autoricerca-1\autoricerca7.exe --l4j-debug
JNI:		No
WOW64:		Yes
Working dir:	C:\Users\User\autoricerca-1\.
Requires JDK:	No
Requires 64-Bit: No
Java min ver:	
Java max ver:	
Substitute:	JAVA_HOME = 
Substitute:	PATH = C:\Program Files\Common Files\Oracle\Java\javapath;C:\Program Files (x86)\VMware\VMware Player\bin\;C:\Program Files (x86)\Embarcadero\Studio\23.0\bin;C:\Users\Public\Documents\Embarcadero\Studio\23.0\Bpl;C:\Program Files (x86)\Embarcadero\Studio\23.0\bin64;C:\Users\Public\Documents\Embarcadero\Studio\23.0\Bpl\Win64;C:\WINDOWS\system32;C:\WINDOWS;C:\WINDOWS\System32\Wbem;C:\WINDOWS\System32\WindowsPowerShell\v1.0\;C:\WINDOWS\System32\OpenSSH\;C:\Program Files (x86)\Windows Kits\10\Windows Performance Toolkit\;C:\Program Files\Docker\Docker\resources\bin;C:\Program Files\dotnet\;C:\Program Files\Git\cmd;C:\Program Files\apache-maven-3.9.8\bin;C:\Program Files\Java\jdk-22\bin;C:\Users\User\AppData\Local\Microsoft\WindowsApps;C:\Users\User\AppData\Local\Programs\Microsoft VS Code\bin;C:\Users\User\.dotnet\tools;C:\Users\User\AppData\Local\GitHubDesktop\bin;C:\Program Files\Java\jdk-22\bin
JRE paths:	;C:\Program Files\Common Files\Oracle\Java\javapath;C:\Program Files (x86)\VMware\VMware Player\bin\;C:\Program Files (x86)\Embarcadero\Studio\23.0\bin;C:\Users\Public\Documents\Embarcadero\Studio\23.0\Bpl;C:\Program Files (x86)\Embarcadero\Studio\23.0\bin64;C:\Users\Public\Documents\Embarcadero\Studio\23.0\Bpl\Win64;C:\WINDOWS\system32;C:\WINDOWS;C:\WINDOWS\System32\Wbem;C:\WINDOWS\System32\WindowsPowerShell\v1.0\;C:\WINDOWS\System32\OpenSSH\;C:\Program Files (x86)\Windows Kits\10\Windows Performance Toolkit\;C:\Program Files\Docker\Docker\resources\bin;C:\Program Files\dotnet\;C:\Program Files\Git\cmd;C:\Program Files\apache-maven-3.9.8\bin;C:\Program Files\Java\jdk-22\bin;C:\Users\User\AppData\Local\Microsoft\WindowsApps;C:\Users\User\AppData\Local\Programs\Microsoft VS Code\bin;C:\Users\User\.dotnet\tools;C:\Users\User\AppData\Local\GitHubDesktop\bin;C:\Program Files\Java\jdk-22\bin
Check launcher:	C:\Program Files\Common Files\Oracle\Java\javapath\bin\javaw.exe (not found)
Check launcher:	C:\Program Files (x86)\VMware\VMware Player\bin\bin\javaw.exe (not found)
Check launcher:	C:\Program Files (x86)\Embarcadero\Studio\23.0\bin\javaw.exe (not found)
Check launcher:	C:\Users\Public\Documents\Embarcadero\Studio\23.0\Bpl\bin\javaw.exe (not found)
Check launcher:	C:\Program Files (x86)\Embarcadero\Studio\23.0\bin64\bin\javaw.exe (not found)
Check launcher:	C:\Users\Public\Documents\Embarcadero\Studio\23.0\Bpl\Win64\bin\javaw.exe (not found)
Check launcher:	C:\WINDOWS\system32\bin\javaw.exe (not found)
Check launcher:	C:\WINDOWS\bin\javaw.exe (not found)
Check launcher:	C:\WINDOWS\System32\Wbem\bin\javaw.exe (not found)
Check launcher:	C:\WINDOWS\System32\WindowsPowerShell\v1.0\bin\javaw.exe (not found)
Check launcher:	C:\WINDOWS\System32\OpenSSH\bin\javaw.exe (not found)
Check launcher:	C:\Program Files (x86)\Windows Kits\10\Windows Performance Toolkit\bin\javaw.exe (not found)
Check launcher:	C:\Program Files\Docker\Docker\resources\bin\javaw.exe (not found)
Check launcher:	C:\Program Files\dotnet\bin\javaw.exe (not found)
Check launcher:	C:\Program Files\Git\cmd\bin\javaw.exe (not found)
Check launcher:	C:\Program Files\apache-maven-3.9.8\bin\javaw.exe (not found)
Check launcher:	C:\Program Files\Java\jdk-22\bin\javaw.exe (OK)
Version string: 1.022.000_001 / 64-Bit (OK)
Launcher:	C:\Program Files\Java\jdk-22\bin\javaw.exe
Launcher args:	-jar "C:\Users\User\autoricerca-1\autoricerca7.exe"
Args length:	51/32768 chars
Exit code:	0
